<?xml version="1.0" encoding="UTF-8"?>
<!-- Generated by org.testng.reporters.JUnitReportReporter -->
<testsuite hostname="Aditya-PC" name="com.iNetBanking.testCases.BaseClass" tests="1" failures="0" timestamp="10 Sep 2021 07:34:38 GMT" time="3.637" errors="0">
  <testcase name="setup" time="3.637" classname="com.iNetBanking.testCases.BaseClass"/>
</testsuite> <!-- com.iNetBanking.testCases.BaseClass -->
