<?xml version="1.0" encoding="UTF-8"?>
<!-- Generated by org.testng.reporters.JUnitReportReporter -->
<testsuite hostname="Aditya-PC" name="com.iNetBanking.utilities.XLUtils" tests="2" failures="0" timestamp="22 Sep 2021 18:11:56 GMT" time="0.383" errors="0">
  <testcase name="ReadXlFile" time="0.354" classname="com.iNetBanking.utilities.XLUtils"/>
  <testcase name="WriteXlFile" time="0.029" classname="com.iNetBanking.utilities.XLUtils"/>
</testsuite> <!-- com.iNetBanking.utilities.XLUtils -->
