<?xml version="1.0" encoding="UTF-8"?>
<!-- Generated by org.testng.reporters.JUnitReportReporter -->
<testsuite hostname="Aditya-PC" name="com.iNetBanking.testCases.TC_LoginTest_001" tests="1" failures="0" timestamp="23 Sep 2021 16:53:40 GMT" time="1.857" errors="0">
  <testcase name="LoginTest" time="1.857" classname="com.iNetBanking.testCases.TC_LoginTest_001"/>
</testsuite> <!-- com.iNetBanking.testCases.TC_LoginTest_001 -->
