<?xml version="1.0" encoding="UTF-8"?>
<!-- Generated by org.testng.reporters.JUnitReportReporter -->
<testsuite hostname="Aditya-PC" name="com.iNetBanking.testCases.TC_AddCustomerTest_003" tests="1" failures="0" timestamp="28 Sep 2021 16:04:59 GMT" time="23.659" errors="0">
  <testcase name="addNewCustomer" time="23.659" classname="com.iNetBanking.testCases.TC_AddCustomerTest_003"/>
</testsuite> <!-- com.iNetBanking.testCases.TC_AddCustomerTest_003 -->
