<?xml version="1.0" encoding="UTF-8"?>
<!-- Generated by org.testng.reporters.JUnitReportReporter -->
<testsuite hostname="Aditya-PC" name="com.iNetBanking.testCases.TC_LoginTest_001" tests="1" failures="0" timestamp="28 Sep 2021 16:04:59 GMT" time="3.389" errors="0">
  <testcase name="LoginTest" time="3.389" classname="com.iNetBanking.testCases.TC_LoginTest_001"/>
</testsuite> <!-- com.iNetBanking.testCases.TC_LoginTest_001 -->
